#
# A fatal error has been detected by the Java Runtime Environment:
#
#  EXCEPTION_ACCESS_VIOLATION (0xc0000005) at pc=0x0000000180005b00, pid=9824, tid=11160
#
# JRE version: OpenJDK Runtime Environment AdoptOpenJDK-11.0.11+9 (11.0.11+9) (build 11.0.11+9)
# Java VM: OpenJDK 64-Bit Server VM AdoptOpenJDK-11.0.11+9 (11.0.11+9, mixed mode, tiered, compressed oops, g1 gc, windows-amd64)
# Problematic frame:
# C  [rxtxSerial.dll+0x5b00]
#
# No core dump will be written. Minidumps are not enabled by default on client versions of Windows
#
# If you would like to submit a bug report, please visit:
#   https://github.com/AdoptOpenJDK/openjdk-support/issues
# The crash happened outside the Java Virtual Machine in native code.
# See problematic frame for where to report the bug.
#

---------------  S U M M A R Y ------------

Command Line: EmergencyState.LEDBlink

Host: Intel(R) Core(TM) i7-10750H CPU @ 2.60GHz, 12 cores, 15G,  Windows 10 , 64 bit Build 22000 (10.0.22000.675)
Time: Wed May 18 11:33:05 2022 W. Europe Daylight Time elapsed time: 1.973132 seconds (0d 0h 0m 1s)

---------------  T H R E A D  ---------------

Current thread (0x00000249cfdb5000):  JavaThread "Thread-1" daemon [_thread_in_native, id=11160, stack(0x000000e2c2500000,0x000000e2c2600000)]

Stack: [0x000000e2c2500000,0x000000e2c2600000],  sp=0x000000e2c25fe360,  free space=1016k
Native frames: (J=compiled Java code, j=interpreted, Vv=VM code, C=native code)
C  [rxtxSerial.dll+0x5b00]

Java frames: (J=compiled Java code, j=interpreted, Vv=VM code)
j  gnu.io.RXTXPort.readByte()I+0
j  gnu.io.RXTXPort$SerialInputStream.read()I+81
j  org.sintef.jarduino.comm.Serial4JArduino$SerialReader.serialEvent(Lgnu/io/SerialPortEvent;)V+7
j  gnu.io.RXTXPort.sendEvent(IZ)Z+382
v  ~StubRoutines::call_stub
j  gnu.io.RXTXPort.eventLoop()V+0
j  gnu.io.RXTXPort$MonitorThread.run()V+12
v  ~StubRoutines::call_stub

siginfo: EXCEPTION_ACCESS_VIOLATION (0xc0000005), reading address 0xffffffffc25fed28


Register to memory mapping:

RIP=0x0000000180005b00 rxtxSerial.dll
RAX=0x0000000000000001 is an unknown value
RBX=0x0 is NULL
RCX=0x000000018001d4d5 rxtxSerial.dll
RDX=0xfffffffffffff665 is an unknown value
RSP=0x000000e2c25fe360 is pointing into the stack for thread: 0x00000249cfdb5000
RBP=0x00000000ffffffff is an unknown value
RSI=0x0 is NULL
RDI=0x00000249cfdb5348 points into unknown readable memory: 0x00007ffa2a3fed40 | 40 ed 3f 2a fa 7f 00 00
R8 =0x0000000000000002 is an unknown value
R9 =0xfffffffffffff63c is an unknown value
R10=0x00000000000000e4 is an unknown value
R11=0x8101010101010100 is an unknown value
R12=0xffffffffc25fed20 is an unknown value
R13=0x0000000000000001 is an unknown value
R14=0x000000e2c25fe508 is pointing into the stack for thread: 0x00000249cfdb5000
R15=0x0 is NULL


Registers:
RAX=0x0000000000000001, RBX=0x0000000000000000, RCX=0x000000018001d4d5, RDX=0xfffffffffffff665
RSP=0x000000e2c25fe360, RBP=0x00000000ffffffff, RSI=0x0000000000000000, RDI=0x00000249cfdb5348
R8 =0x0000000000000002, R9 =0xfffffffffffff63c, R10=0x00000000000000e4, R11=0x8101010101010100
R12=0xffffffffc25fed20, R13=0x0000000000000001, R14=0x000000e2c25fe508, R15=0x0000000000000000
RIP=0x0000000180005b00, EFLAGS=0x0000000000010202

Top of Stack: (sp=0x000000e2c25fe360)
0x000000e2c25fe360:   0000000000000000 0000000000000000
0x000000e2c25fe370:   0000000000000000 00000249cfdb5348
0x000000e2c25fe380:   00000249cfdb5000 000000e2c25fe508
0x000000e2c25fe390:   00000249ced3ed68 000000e2c25fe508
0x000000e2c25fe3a0:   ffffffffffffffff 0000000000000001
0x000000e2c25fe3b0:   00000249a8783010 0000000180005f3f
0x000000e2c25fe3c0:   00000249cfdb5348 00000249cfdb5348
0x000000e2c25fe3d0:   0000000000000001 000000e2c25fe3f0
0x000000e2c25fe3e0:   000000e200000001 00007ffaffffffff
0x000000e2c25fe3f0:   000000e2c25fe410 000000e2c25fe508
0x000000e2c25fe400:   000000000000001f 000000000000001f
0x000000e2c25fe410:   00000249ced3ed70 00000249cfdb5000
0x000000e2c25fe420:   0000000000000150 000000000000001f
0x000000e2c25fe430:   00000249ced3ed70 00000249b300f1c0
0x000000e2c25fe440:   00006a5bd1b648ca 00000249ced3ed70
0x000000e2c25fe450:   0000000000000000 0000000000000150 

Instructions: (pc=0x0000000180005b00)
0x0000000180005a00:   5d c3 cc cc cc cc cc cc cc cc cc cc cc cc cc cc
0x0000000180005a10:   48 89 5c 24 08 4c 89 4c 24 20 44 89 44 24 18 55
0x0000000180005a20:   56 57 41 54 41 55 41 56 41 57 48 83 ec 20 48 8b
0x0000000180005a30:   2a 48 8b 01 33 db 48 8b d5 48 8b f9 44 8b fb 8b
0x0000000180005a40:   f3 ff 90 f8 00 00 00 4c 8d 0d 9e 70 01 00 4c 8b
0x0000000180005a50:   e0 48 8b 07 4c 8d 05 b5 70 01 00 49 8b d4 48 8b
0x0000000180005a60:   cf ff 90 f0 02 00 00 48 8b cf 4c 8b c0 48 85 c0
0x0000000180005a70:   48 8b 07 75 28 ff 90 80 00 00 00 4c 8b 1f 48 8b
0x0000000180005a80:   cf 41 ff 93 88 00 00 00 4c 8b 1f 49 8b d4 48 8b
0x0000000180005a90:   cf 41 ff 93 b8 00 00 00 4c 8b e3 eb 54 48 8b d5
0x0000000180005aa0:   ff 90 20 03 00 00 49 8b d4 48 8b cf 48 63 e8 48
0x0000000180005ab0:   8b 07 ff 90 b8 00 00 00 48 8d 15 51 70 01 00 48
0x0000000180005ac0:   8d 0d 0e 7a 01 00 41 b8 02 00 00 00 e8 6f 62 00
0x0000000180005ad0:   00 85 c0 75 19 85 ed 75 15 e8 c2 5e 00 00 48 8d
0x0000000180005ae0:   15 23 7a 01 00 48 8d 48 60 e8 3a 5d 00 00 4c 8b
0x0000000180005af0:   e5 8b ac 24 88 00 00 00 44 8b ac 24 80 00 00 00
0x0000000180005b00:   45 8b 74 24 08 41 89 5c 24 08 41 8b fd 85 ed 78
0x0000000180005b10:   09 ff 15 e9 14 01 00 44 8b f8 45 85 ed 7e 4a 90
0x0000000180005b20:   8b c6 ff c6 83 f8 14 7d 40 85 ed 78 0d ff 15 cd
0x0000000180005b30:   14 01 00 41 2b c7 3b c5 7d 2f 8b 4c 24 70 48 63
0x0000000180005b40:   d3 44 8b c7 48 03 54 24 78 e8 a2 31 00 00 85 c0
0x0000000180005b50:   78 33 74 06 03 d8 2b f8 eb 0a b9 e8 03 00 00 e8
0x0000000180005b60:   1c 1c 00 00 41 3b dd 7c b7 8b c3 45 89 74 24 08
0x0000000180005b70:   48 8b 5c 24 60 48 83 c4 20 41 5f 41 5e 41 5d 41
0x0000000180005b80:   5c 5f 5e 5d c3 e8 1e 61 00 00 83 38 04 74 05 e8
0x0000000180005b90:   14 61 00 00 83 c8 ff eb d2 cc cc cc cc cc cc cc
0x0000000180005ba0:   40 53 55 56 57 41 54 41 55 48 81 ec b8 00 00 00
0x0000000180005bb0:   48 8b 05 71 85 01 00 48 33 c4 48 89 84 24 a0 00
0x0000000180005bc0:   00 00 48 8b 01 45 8b e9 41 8b f8 48 8b f2 48 8b
0x0000000180005bd0:   d9 ff 90 f8 00 00 00 4c 8b 13 4c 8d 0d 33 6f 01
0x0000000180005be0:   00 4c 8d 05 7c 6f 01 00 48 8b d0 48 8b cb 4c 8b
0x0000000180005bf0:   e0 41 ff 92 f0 02 00 00 33 ed 48 8b cb 4c 8b c0 


Stack slot to memory mapping:
stack at sp + 0 slots: 0x0 is NULL
stack at sp + 1 slots: 0x0 is NULL
stack at sp + 2 slots: 0x0 is NULL
stack at sp + 3 slots: 0x00000249cfdb5348 points into unknown readable memory: 0x00007ffa2a3fed40 | 40 ed 3f 2a fa 7f 00 00
stack at sp + 4 slots: 0x00000249cfdb5000 is a thread
stack at sp + 5 slots: 0x000000e2c25fe508 is pointing into the stack for thread: 0x00000249cfdb5000
stack at sp + 6 slots: 0x00000249ced3ed68 is pointing into metadata
stack at sp + 7 slots: 0x000000e2c25fe508 is pointing into the stack for thread: 0x00000249cfdb5000


---------------  P R O C E S S  ---------------

Threads class SMR info:
_java_thread_list=0x00000249d06fb020, length=16, elements={
0x00000249ce8dd800, 0x00000249ce8e7000, 0x00000249ce8f9800, 0x00000249ce8fb800,
0x00000249cf1e4800, 0x00000249cf1e9000, 0x00000249cf1f0000, 0x00000249cf1f1000,
0x00000249cf39e800, 0x00000249cfa4c000, 0x00000249cfa1b000, 0x00000249cfa24000,
0x00000249d0538000, 0x00000249cfdb5000, 0x00000249cfb68800, 0x00000249aa8ef000
}

Java Threads: ( => current thread )
  0x00000249ce8dd800 JavaThread "Reference Handler" daemon [_thread_blocked, id=18248, stack(0x000000e2c1800000,0x000000e2c1900000)]
  0x00000249ce8e7000 JavaThread "Finalizer" daemon [_thread_blocked, id=12384, stack(0x000000e2c1900000,0x000000e2c1a00000)]
  0x00000249ce8f9800 JavaThread "Signal Dispatcher" daemon [_thread_blocked, id=9392, stack(0x000000e2c1a00000,0x000000e2c1b00000)]
  0x00000249ce8fb800 JavaThread "Attach Listener" daemon [_thread_blocked, id=8728, stack(0x000000e2c1b00000,0x000000e2c1c00000)]
  0x00000249cf1e4800 JavaThread "Service Thread" daemon [_thread_blocked, id=8284, stack(0x000000e2c1c00000,0x000000e2c1d00000)]
  0x00000249cf1e9000 JavaThread "C2 CompilerThread0" daemon [_thread_blocked, id=11884, stack(0x000000e2c1d00000,0x000000e2c1e00000)]
  0x00000249cf1f0000 JavaThread "C1 CompilerThread0" daemon [_thread_blocked, id=11152, stack(0x000000e2c1e00000,0x000000e2c1f00000)]
  0x00000249cf1f1000 JavaThread "Sweeper thread" daemon [_thread_blocked, id=15020, stack(0x000000e2c1f00000,0x000000e2c2000000)]
  0x00000249cf39e800 JavaThread "Common-Cleaner" daemon [_thread_blocked, id=6192, stack(0x000000e2c2100000,0x000000e2c2200000)]
  0x00000249cfa4c000 JavaThread "Java2D Disposer" daemon [_thread_blocked, id=14064, stack(0x000000e2c2200000,0x000000e2c2300000)]
  0x00000249cfa1b000 JavaThread "AWT-Shutdown" [_thread_blocked, id=2308, stack(0x000000e2c2300000,0x000000e2c2400000)]
  0x00000249cfa24000 JavaThread "AWT-Windows" daemon [_thread_in_native, id=13360, stack(0x000000e2c2400000,0x000000e2c2500000)]
  0x00000249d0538000 JavaThread "AWT-EventQueue-0" [_thread_blocked, id=1732, stack(0x000000e2c2700000,0x000000e2c2800000)]
=>0x00000249cfdb5000 JavaThread "Thread-1" daemon [_thread_in_native, id=11160, stack(0x000000e2c2500000,0x000000e2c2600000)]
  0x00000249cfb68800 JavaThread "Thread-2" [_thread_blocked, id=12076, stack(0x000000e2c2600000,0x000000e2c2700000)]
  0x00000249aa8ef000 JavaThread "DestroyJavaVM" [_thread_blocked, id=11372, stack(0x000000e2c1100000,0x000000e2c1200000)]

Other Threads:
  0x00000249ce8da000 VMThread "VM Thread" [stack: 0x000000e2c1700000,0x000000e2c1800000] [id=15068]
  0x00000249cf3ad000 WatcherThread [stack: 0x000000e2c2000000,0x000000e2c2100000] [id=17564]
  0x00000249aa906800 GCTaskThread "GC Thread#0" [stack: 0x000000e2c1200000,0x000000e2c1300000] [id=12900]
  0x00000249aa960800 ConcurrentGCThread "G1 Main Marker" [stack: 0x000000e2c1300000,0x000000e2c1400000] [id=2988]
  0x00000249aa965800 ConcurrentGCThread "G1 Conc#0" [stack: 0x000000e2c1400000,0x000000e2c1500000] [id=18004]
  0x00000249ce7bf000 ConcurrentGCThread "G1 Refine#0" [stack: 0x000000e2c1500000,0x000000e2c1600000] [id=17376]
  0x00000249ce7c0000 ConcurrentGCThread "G1 Young RemSet Sampling" [stack: 0x000000e2c1600000,0x000000e2c1700000] [id=17104]

Threads with active compile tasks:

VM state:not at safepoint (normal execution)

VM Mutex/Monitor currently owned by a thread: None

Heap address: 0x0000000703e00000, size: 4034 MB, Compressed Oops mode: Zero based, Oop shift amount: 3
Narrow klass base: 0x0000000800000000, Narrow klass shift: 0
Compressed class space size: 1073741824 Address: 0x0000000800000000

Heap:
 garbage-first heap   total 260096K, used 11264K [0x0000000703e00000, 0x0000000800000000)
  region size 1024K, 13 young (13312K), 0 survivors (0K)
 Metaspace       used 16315K, capacity 16719K, committed 17024K, reserved 1064960K
  class space    used 1853K, capacity 2070K, committed 2176K, reserved 1048576K
Heap Regions: E=young(eden), S=young(survivor), O=old, HS=humongous(starts), HC=humongous(continues), CS=collection set, F=free, A=archive, TAMS=top-at-mark-start (previous, next)
|   0|0x0000000703e00000, 0x0000000703e00000, 0x0000000703f00000|  0%| F|  |TAMS 0x0000000703e00000, 0x0000000703e00000| Untracked 
|   1|0x0000000703f00000, 0x0000000703f00000, 0x0000000704000000|  0%| F|  |TAMS 0x0000000703f00000, 0x0000000703f00000| Untracked 
|   2|0x0000000704000000, 0x0000000704000000, 0x0000000704100000|  0%| F|  |TAMS 0x0000000704000000, 0x0000000704000000| Untracked 
|   3|0x0000000704100000, 0x0000000704100000, 0x0000000704200000|  0%| F|  |TAMS 0x0000000704100000, 0x0000000704100000| Untracked 
|   4|0x0000000704200000, 0x0000000704200000, 0x0000000704300000|  0%| F|  |TAMS 0x0000000704200000, 0x0000000704200000| Untracked 
|   5|0x0000000704300000, 0x0000000704300000, 0x0000000704400000|  0%| F|  |TAMS 0x0000000704300000, 0x0000000704300000| Untracked 
|   6|0x0000000704400000, 0x0000000704400000, 0x0000000704500000|  0%| F|  |TAMS 0x0000000704400000, 0x0000000704400000| Untracked 
|   7|0x0000000704500000, 0x0000000704500000, 0x0000000704600000|  0%| F|  |TAMS 0x0000000704500000, 0x0000000704500000| Untracked 
|   8|0x0000000704600000, 0x0000000704600000, 0x0000000704700000|  0%| F|  |TAMS 0x0000000704600000, 0x0000000704600000| Untracked 
|   9|0x0000000704700000, 0x0000000704700000, 0x0000000704800000|  0%| F|  |TAMS 0x0000000704700000, 0x0000000704700000| Untracked 
|  10|0x0000000704800000, 0x0000000704800000, 0x0000000704900000|  0%| F|  |TAMS 0x0000000704800000, 0x0000000704800000| Untracked 
|  11|0x0000000704900000, 0x0000000704900000, 0x0000000704a00000|  0%| F|  |TAMS 0x0000000704900000, 0x0000000704900000| Untracked 
|  12|0x0000000704a00000, 0x0000000704a00000, 0x0000000704b00000|  0%| F|  |TAMS 0x0000000704a00000, 0x0000000704a00000| Untracked 
|  13|0x0000000704b00000, 0x0000000704b00000, 0x0000000704c00000|  0%| F|  |TAMS 0x0000000704b00000, 0x0000000704b00000| Untracked 
|  14|0x0000000704c00000, 0x0000000704c00000, 0x0000000704d00000|  0%| F|  |TAMS 0x0000000704c00000, 0x0000000704c00000| Untracked 
|  15|0x0000000704d00000, 0x0000000704d00000, 0x0000000704e00000|  0%| F|  |TAMS 0x0000000704d00000, 0x0000000704d00000| Untracked 
|  16|0x0000000704e00000, 0x0000000704e00000, 0x0000000704f00000|  0%| F|  |TAMS 0x0000000704e00000, 0x0000000704e00000| Untracked 
|  17|0x0000000704f00000, 0x0000000704f00000, 0x0000000705000000|  0%| F|  |TAMS 0x0000000704f00000, 0x0000000704f00000| Untracked 
|  18|0x0000000705000000, 0x0000000705000000, 0x0000000705100000|  0%| F|  |TAMS 0x0000000705000000, 0x0000000705000000| Untracked 
|  19|0x0000000705100000, 0x0000000705100000, 0x0000000705200000|  0%| F|  |TAMS 0x0000000705100000, 0x0000000705100000| Untracked 
|  20|0x0000000705200000, 0x0000000705200000, 0x0000000705300000|  0%| F|  |TAMS 0x0000000705200000, 0x0000000705200000| Untracked 
|  21|0x0000000705300000, 0x0000000705300000, 0x0000000705400000|  0%| F|  |TAMS 0x0000000705300000, 0x0000000705300000| Untracked 
|  22|0x0000000705400000, 0x0000000705400000, 0x0000000705500000|  0%| F|  |TAMS 0x0000000705400000, 0x0000000705400000| Untracked 
|  23|0x0000000705500000, 0x0000000705500000, 0x0000000705600000|  0%| F|  |TAMS 0x0000000705500000, 0x0000000705500000| Untracked 
|  24|0x0000000705600000, 0x0000000705600000, 0x0000000705700000|  0%| F|  |TAMS 0x0000000705600000, 0x0000000705600000| Untracked 
|  25|0x0000000705700000, 0x0000000705700000, 0x0000000705800000|  0%| F|  |TAMS 0x0000000705700000, 0x0000000705700000| Untracked 
|  26|0x0000000705800000, 0x0000000705800000, 0x0000000705900000|  0%| F|  |TAMS 0x0000000705800000, 0x0000000705800000| Untracked 
|  27|0x0000000705900000, 0x0000000705900000, 0x0000000705a00000|  0%| F|  |TAMS 0x0000000705900000, 0x0000000705900000| Untracked 
|  28|0x0000000705a00000, 0x0000000705a00000, 0x0000000705b00000|  0%| F|  |TAMS 0x0000000705a00000, 0x0000000705a00000| Untracked 
|  29|0x0000000705b00000, 0x0000000705b00000, 0x0000000705c00000|  0%| F|  |TAMS 0x0000000705b00000, 0x0000000705b00000| Untracked 
|  30|0x0000000705c00000, 0x0000000705c00000, 0x0000000705d00000|  0%| F|  |TAMS 0x0000000705c00000, 0x0000000705c00000| Untracked 
|  31|0x0000000705d00000, 0x0000000705d00000, 0x0000000705e00000|  0%| F|  |TAMS 0x0000000705d00000, 0x0000000705d00000| Untracked 
|  32|0x0000000705e00000, 0x0000000705e00000, 0x0000000705f00000|  0%| F|  |TAMS 0x0000000705e00000, 0x0000000705e00000| Untracked 
|  33|0x0000000705f00000, 0x0000000705f00000, 0x0000000706000000|  0%| F|  |TAMS 0x0000000705f00000, 0x0000000705f00000| Untracked 
|  34|0x0000000706000000, 0x0000000706000000, 0x0000000706100000|  0%| F|  |TAMS 0x0000000706000000, 0x0000000706000000| Untracked 
|  35|0x0000000706100000, 0x0000000706100000, 0x0000000706200000|  0%| F|  |TAMS 0x0000000706100000, 0x0000000706100000| Untracked 
|  36|0x0000000706200000, 0x0000000706200000, 0x0000000706300000|  0%| F|  |TAMS 0x0000000706200000, 0x0000000706200000| Untracked 
|  37|0x0000000706300000, 0x0000000706300000, 0x0000000706400000|  0%| F|  |TAMS 0x0000000706300000, 0x0000000706300000| Untracked 
|  38|0x0000000706400000, 0x0000000706400000, 0x0000000706500000|  0%| F|  |TAMS 0x0000000706400000, 0x0000000706400000| Untracked 
|  39|0x0000000706500000, 0x0000000706500000, 0x0000000706600000|  0%| F|  |TAMS 0x0000000706500000, 0x0000000706500000| Untracked 
|  40|0x0000000706600000, 0x0000000706600000, 0x0000000706700000|  0%| F|  |TAMS 0x0000000706600000, 0x0000000706600000| Untracked 
|  41|0x0000000706700000, 0x0000000706700000, 0x0000000706800000|  0%| F|  |TAMS 0x0000000706700000, 0x0000000706700000| Untracked 
|  42|0x0000000706800000, 0x0000000706800000, 0x0000000706900000|  0%| F|  |TAMS 0x0000000706800000, 0x0000000706800000| Untracked 
|  43|0x0000000706900000, 0x0000000706900000, 0x0000000706a00000|  0%| F|  |TAMS 0x0000000706900000, 0x0000000706900000| Untracked 
|  44|0x0000000706a00000, 0x0000000706a00000, 0x0000000706b00000|  0%| F|  |TAMS 0x0000000706a00000, 0x0000000706a00000| Untracked 
|  45|0x0000000706b00000, 0x0000000706b00000, 0x0000000706c00000|  0%| F|  |TAMS 0x0000000706b00000, 0x0000000706b00000| Untracked 
|  46|0x0000000706c00000, 0x0000000706c00000, 0x0000000706d00000|  0%| F|  |TAMS 0x0000000706c00000, 0x0000000706c00000| Untracked 
|  47|0x0000000706d00000, 0x0000000706d00000, 0x0000000706e00000|  0%| F|  |TAMS 0x0000000706d00000, 0x0000000706d00000| Untracked 
|  48|0x0000000706e00000, 0x0000000706e00000, 0x0000000706f00000|  0%| F|  |TAMS 0x0000000706e00000, 0x0000000706e00000| Untracked 
|  49|0x0000000706f00000, 0x0000000706f00000, 0x0000000707000000|  0%| F|  |TAMS 0x0000000706f00000, 0x0000000706f00000| Untracked 
|  50|0x0000000707000000, 0x0000000707000000, 0x0000000707100000|  0%| F|  |TAMS 0x0000000707000000, 0x0000000707000000| Untracked 
|  51|0x0000000707100000, 0x0000000707100000, 0x0000000707200000|  0%| F|  |TAMS 0x0000000707100000, 0x0000000707100000| Untracked 
|  52|0x0000000707200000, 0x0000000707200000, 0x0000000707300000|  0%| F|  |TAMS 0x0000000707200000, 0x0000000707200000| Untracked 
|  53|0x0000000707300000, 0x0000000707300000, 0x0000000707400000|  0%| F|  |TAMS 0x0000000707300000, 0x0000000707300000| Untracked 
|  54|0x0000000707400000, 0x0000000707400000, 0x0000000707500000|  0%| F|  |TAMS 0x0000000707400000, 0x0000000707400000| Untracked 
|  55|0x0000000707500000, 0x0000000707500000, 0x0000000707600000|  0%| F|  |TAMS 0x0000000707500000, 0x0000000707500000| Untracked 
|  56|0x0000000707600000, 0x0000000707600000, 0x0000000707700000|  0%| F|  |TAMS 0x0000000707600000, 0x0000000707600000| Untracked 
|  57|0x0000000707700000, 0x0000000707700000, 0x0000000707800000|  0%| F|  |TAMS 0x0000000707700000, 0x0000000707700000| Untracked 
|  58|0x0000000707800000, 0x0000000707800000, 0x0000000707900000|  0%| F|  |TAMS 0x0000000707800000, 0x0000000707800000| Untracked 
|  59|0x0000000707900000, 0x0000000707900000, 0x0000000707a00000|  0%| F|  |TAMS 0x0000000707900000, 0x0000000707900000| Untracked 
|  60|0x0000000707a00000, 0x0000000707a00000, 0x0000000707b00000|  0%| F|  |TAMS 0x0000000707a00000, 0x0000000707a00000| Untracked 
|  61|0x0000000707b00000, 0x0000000707b00000, 0x0000000707c00000|  0%| F|  |TAMS 0x0000000707b00000, 0x0000000707b00000| Untracked 
|  62|0x0000000707c00000, 0x0000000707c00000, 0x0000000707d00000|  0%| F|  |TAMS 0x0000000707c00000, 0x0000000707c00000| Untracked 
|  63|0x0000000707d00000, 0x0000000707d00000, 0x0000000707e00000|  0%| F|  |TAMS 0x0000000707d00000, 0x0000000707d00000| Untracked 
|  64|0x0000000707e00000, 0x0000000707e00000, 0x0000000707f00000|  0%| F|  |TAMS 0x0000000707e00000, 0x0000000707e00000| Untracked 
|  65|0x0000000707f00000, 0x0000000707f00000, 0x0000000708000000|  0%| F|  |TAMS 0x0000000707f00000, 0x0000000707f00000| Untracked 
|  66|0x0000000708000000, 0x0000000708000000, 0x0000000708100000|  0%| F|  |TAMS 0x0000000708000000, 0x0000000708000000| Untracked 
|  67|0x0000000708100000, 0x0000000708100000, 0x0000000708200000|  0%| F|  |TAMS 0x0000000708100000, 0x0000000708100000| Untracked 
|  68|0x0000000708200000, 0x0000000708200000, 0x0000000708300000|  0%| F|  |TAMS 0x0000000708200000, 0x0000000708200000| Untracked 
|  69|0x0000000708300000, 0x0000000708300000, 0x0000000708400000|  0%| F|  |TAMS 0x0000000708300000, 0x0000000708300000| Untracked 
|  70|0x0000000708400000, 0x0000000708400000, 0x0000000708500000|  0%| F|  |TAMS 0x0000000708400000, 0x0000000708400000| Untracked 
|  71|0x0000000708500000, 0x0000000708500000, 0x0000000708600000|  0%| F|  |TAMS 0x0000000708500000, 0x0000000708500000| Untracked 
|  72|0x0000000708600000, 0x0000000708600000, 0x0000000708700000|  0%| F|  |TAMS 0x0000000708600000, 0x0000000708600000| Untracked 
|  73|0x0000000708700000, 0x0000000708700000, 0x0000000708800000|  0%| F|  |TAMS 0x0000000708700000, 0x0000000708700000| Untracked 
|  74|0x0000000708800000, 0x0000000708800000, 0x0000000708900000|  0%| F|  |TAMS 0x0000000708800000, 0x0000000708800000| Untracked 
|  75|0x0000000708900000, 0x0000000708900000, 0x0000000708a00000|  0%| F|  |TAMS 0x0000000708900000, 0x0000000708900000| Untracked 
|  76|0x0000000708a00000, 0x0000000708a00000, 0x0000000708b00000|  0%| F|  |TAMS 0x0000000708a00000, 0x0000000708a00000| Untracked 
|  77|0x0000000708b00000, 0x0000000708b00000, 0x0000000708c00000|  0%| F|  |TAMS 0x0000000708b00000, 0x0000000708b00000| Untracked 
|  78|0x0000000708c00000, 0x0000000708c00000, 0x0000000708d00000|  0%| F|  |TAMS 0x0000000708c00000, 0x0000000708c00000| Untracked 
|  79|0x0000000708d00000, 0x0000000708d00000, 0x0000000708e00000|  0%| F|  |TAMS 0x0000000708d00000, 0x0000000708d00000| Untracked 
|  80|0x0000000708e00000, 0x0000000708e00000, 0x0000000708f00000|  0%| F|  |TAMS 0x0000000708e00000, 0x0000000708e00000| Untracked 
|  81|0x0000000708f00000, 0x0000000708f00000, 0x0000000709000000|  0%| F|  |TAMS 0x0000000708f00000, 0x0000000708f00000| Untracked 
|  82|0x0000000709000000, 0x0000000709000000, 0x0000000709100000|  0%| F|  |TAMS 0x0000000709000000, 0x0000000709000000| Untracked 
|  83|0x0000000709100000, 0x0000000709100000, 0x0000000709200000|  0%| F|  |TAMS 0x0000000709100000, 0x0000000709100000| Untracked 
|  84|0x0000000709200000, 0x0000000709200000, 0x0000000709300000|  0%| F|  |TAMS 0x0000000709200000, 0x0000000709200000| Untracked 
|  85|0x0000000709300000, 0x0000000709300000, 0x0000000709400000|  0%| F|  |TAMS 0x0000000709300000, 0x0000000709300000| Untracked 
|  86|0x0000000709400000, 0x0000000709400000, 0x0000000709500000|  0%| F|  |TAMS 0x0000000709400000, 0x0000000709400000| Untracked 
|  87|0x0000000709500000, 0x0000000709500000, 0x0000000709600000|  0%| F|  |TAMS 0x0000000709500000, 0x0000000709500000| Untracked 
|  88|0x0000000709600000, 0x0000000709600000, 0x0000000709700000|  0%| F|  |TAMS 0x0000000709600000, 0x0000000709600000| Untracked 
|  89|0x0000000709700000, 0x0000000709700000, 0x0000000709800000|  0%| F|  |TAMS 0x0000000709700000, 0x0000000709700000| Untracked 
|  90|0x0000000709800000, 0x0000000709800000, 0x0000000709900000|  0%| F|  |TAMS 0x0000000709800000, 0x0000000709800000| Untracked 
|  91|0x0000000709900000, 0x0000000709900000, 0x0000000709a00000|  0%| F|  |TAMS 0x0000000709900000, 0x0000000709900000| Untracked 
|  92|0x0000000709a00000, 0x0000000709a00000, 0x0000000709b00000|  0%| F|  |TAMS 0x0000000709a00000, 0x0000000709a00000| Untracked 
|  93|0x0000000709b00000, 0x0000000709b00000, 0x0000000709c00000|  0%| F|  |TAMS 0x0000000709b00000, 0x0000000709b00000| Untracked 
|  94|0x0000000709c00000, 0x0000000709c00000, 0x0000000709d00000|  0%| F|  |TAMS 0x0000000709c00000, 0x0000000709c00000| Untracked 
|  95|0x0000000709d00000, 0x0000000709d00000, 0x0000000709e00000|  0%| F|  |TAMS 0x0000000709d00000, 0x0000000709d00000| Untracked 
|  96|0x0000000709e00000, 0x0000000709e00000, 0x0000000709f00000|  0%| F|  |TAMS 0x0000000709e00000, 0x0000000709e00000| Untracked 
|  97|0x0000000709f00000, 0x0000000709f00000, 0x000000070a000000|  0%| F|  |TAMS 0x0000000709f00000, 0x0000000709f00000| Untracked 
|  98|0x000000070a000000, 0x000000070a000000, 0x000000070a100000|  0%| F|  |TAMS 0x000000070a000000, 0x000000070a000000| Untracked 
|  99|0x000000070a100000, 0x000000070a100000, 0x000000070a200000|  0%| F|  |TAMS 0x000000070a100000, 0x000000070a100000| Untracked 
| 100|0x000000070a200000, 0x000000070a200000, 0x000000070a300000|  0%| F|  |TAMS 0x000000070a200000, 0x000000070a200000| Untracked 
| 101|0x000000070a300000, 0x000000070a300000, 0x000000070a400000|  0%| F|  |TAMS 0x000000070a300000, 0x000000070a300000| Untracked 
| 102|0x000000070a400000, 0x000000070a400000, 0x000000070a500000|  0%| F|  |TAMS 0x000000070a400000, 0x000000070a400000| Untracked 
| 103|0x000000070a500000, 0x000000070a500000, 0x000000070a600000|  0%| F|  |TAMS 0x000000070a500000, 0x000000070a500000| Untracked 
| 104|0x000000070a600000, 0x000000070a600000, 0x000000070a700000|  0%| F|  |TAMS 0x000000070a600000, 0x000000070a600000| Untracked 
| 105|0x000000070a700000, 0x000000070a700000, 0x000000070a800000|  0%| F|  |TAMS 0x000000070a700000, 0x000000070a700000| Untracked 
| 106|0x000000070a800000, 0x000000070a800000, 0x000000070a900000|  0%| F|  |TAMS 0x000000070a800000, 0x000000070a800000| Untracked 
| 107|0x000000070a900000, 0x000000070a900000, 0x000000070aa00000|  0%| F|  |TAMS 0x000000070a900000, 0x000000070a900000| Untracked 
| 108|0x000000070aa00000, 0x000000070aa00000, 0x000000070ab00000|  0%| F|  |TAMS 0x000000070aa00000, 0x000000070aa00000| Untracked 
| 109|0x000000070ab00000, 0x000000070ab00000, 0x000000070ac00000|  0%| F|  |TAMS 0x000000070ab00000, 0x000000070ab00000| Untracked 
| 110|0x000000070ac00000, 0x000000070ac00000, 0x000000070ad00000|  0%| F|  |TAMS 0x000000070ac00000, 0x000000070ac00000| Untracked 
| 111|0x000000070ad00000, 0x000000070ad00000, 0x000000070ae00000|  0%| F|  |TAMS 0x000000070ad00000, 0x000000070ad00000| Untracked 
| 112|0x000000070ae00000, 0x000000070ae00000, 0x000000070af00000|  0%| F|  |TAMS 0x000000070ae00000, 0x000000070ae00000| Untracked 
| 113|0x000000070af00000, 0x000000070af00000, 0x000000070b000000|  0%| F|  |TAMS 0x000000070af00000, 0x000000070af00000| Untracked 
| 114|0x000000070b000000, 0x000000070b000000, 0x000000070b100000|  0%| F|  |TAMS 0x000000070b000000, 0x000000070b000000| Untracked 
| 115|0x000000070b100000, 0x000000070b100000, 0x000000070b200000|  0%| F|  |TAMS 0x000000070b100000, 0x000000070b100000| Untracked 
| 116|0x000000070b200000, 0x000000070b200000, 0x000000070b300000|  0%| F|  |TAMS 0x000000070b200000, 0x000000070b200000| Untracked 
| 117|0x000000070b300000, 0x000000070b300000, 0x000000070b400000|  0%| F|  |TAMS 0x000000070b300000, 0x000000070b300000| Untracked 
| 118|0x000000070b400000, 0x000000070b400000, 0x000000070b500000|  0%| F|  |TAMS 0x000000070b400000, 0x000000070b400000| Untracked 
| 119|0x000000070b500000, 0x000000070b500000, 0x000000070b600000|  0%| F|  |TAMS 0x000000070b500000, 0x000000070b500000| Untracked 
| 120|0x000000070b600000, 0x000000070b600000, 0x000000070b700000|  0%| F|  |TAMS 0x000000070b600000, 0x000000070b600000| Untracked 
| 121|0x000000070b700000, 0x000000070b700000, 0x000000070b800000|  0%| F|  |TAMS 0x000000070b700000, 0x000000070b700000| Untracked 
| 122|0x000000070b800000, 0x000000070b800000, 0x000000070b900000|  0%| F|  |TAMS 0x000000070b800000, 0x000000070b800000| Untracked 
| 123|0x000000070b900000, 0x000000070b900000, 0x000000070ba00000|  0%| F|  |TAMS 0x000000070b900000, 0x000000070b900000| Untracked 
| 124|0x000000070ba00000, 0x000000070ba00000, 0x000000070bb00000|  0%| F|  |TAMS 0x000000070ba00000, 0x000000070ba00000| Untracked 
| 125|0x000000070bb00000, 0x000000070bb00000, 0x000000070bc00000|  0%| F|  |TAMS 0x000000070bb00000, 0x000000070bb00000| Untracked 
| 126|0x000000070bc00000, 0x000000070bc00000, 0x000000070bd00000|  0%| F|  |TAMS 0x000000070bc00000, 0x000000070bc00000| Untracked 
| 127|0x000000070bd00000, 0x000000070bd00000, 0x000000070be00000|  0%| F|  |TAMS 0x000000070bd00000, 0x000000070bd00000| Untracked 
| 128|0x000000070be00000, 0x000000070be00000, 0x000000070bf00000|  0%| F|  |TAMS 0x000000070be00000, 0x000000070be00000| Untracked 
| 129|0x000000070bf00000, 0x000000070bf00000, 0x000000070c000000|  0%| F|  |TAMS 0x000000070bf00000, 0x000000070bf00000| Untracked 
| 130|0x000000070c000000, 0x000000070c000000, 0x000000070c100000|  0%| F|  |TAMS 0x000000070c000000, 0x000000070c000000| Untracked 
| 131|0x000000070c100000, 0x000000070c100000, 0x000000070c200000|  0%| F|  |TAMS 0x000000070c100000, 0x000000070c100000| Untracked 
| 132|0x000000070c200000, 0x000000070c200000, 0x000000070c300000|  0%| F|  |TAMS 0x000000070c200000, 0x000000070c200000| Untracked 
| 133|0x000000070c300000, 0x000000070c300000, 0x000000070c400000|  0%| F|  |TAMS 0x000000070c300000, 0x000000070c300000| Untracked 
| 134|0x000000070c400000, 0x000000070c400000, 0x000000070c500000|  0%| F|  |TAMS 0x000000070c400000, 0x000000070c400000| Untracked 
| 135|0x000000070c500000, 0x000000070c500000, 0x000000070c600000|  0%| F|  |TAMS 0x000000070c500000, 0x000000070c500000| Untracked 
| 136|0x000000070c600000, 0x000000070c600000, 0x000000070c700000|  0%| F|  |TAMS 0x000000070c600000, 0x000000070c600000| Untracked 
| 137|0x000000070c700000, 0x000000070c700000, 0x000000070c800000|  0%| F|  |TAMS 0x000000070c700000, 0x000000070c700000| Untracked 
| 138|0x000000070c800000, 0x000000070c800000, 0x000000070c900000|  0%| F|  |TAMS 0x000000070c800000, 0x000000070c800000| Untracked 
| 139|0x000000070c900000, 0x000000070c900000, 0x000000070ca00000|  0%| F|  |TAMS 0x000000070c900000, 0x000000070c900000| Untracked 
| 140|0x000000070ca00000, 0x000000070ca00000, 0x000000070cb00000|  0%| F|  |TAMS 0x000000070ca00000, 0x000000070ca00000| Untracked 
| 141|0x000000070cb00000, 0x000000070cb00000, 0x000000070cc00000|  0%| F|  |TAMS 0x000000070cb00000, 0x000000070cb00000| Untracked 
| 142|0x000000070cc00000, 0x000000070cc00000, 0x000000070cd00000|  0%| F|  |TAMS 0x000000070cc00000, 0x000000070cc00000| Untracked 
| 143|0x000000070cd00000, 0x000000070cd00000, 0x000000070ce00000|  0%| F|  |TAMS 0x000000070cd00000, 0x000000070cd00000| Untracked 
| 144|0x000000070ce00000, 0x000000070ce00000, 0x000000070cf00000|  0%| F|  |TAMS 0x000000070ce00000, 0x000000070ce00000| Untracked 
| 145|0x000000070cf00000, 0x000000070cf00000, 0x000000070d000000|  0%| F|  |TAMS 0x000000070cf00000, 0x000000070cf00000| Untracked 
| 146|0x000000070d000000, 0x000000070d000000, 0x000000070d100000|  0%| F|  |TAMS 0x000000070d000000, 0x000000070d000000| Untracked 
| 147|0x000000070d100000, 0x000000070d100000, 0x000000070d200000|  0%| F|  |TAMS 0x000000070d100000, 0x000000070d100000| Untracked 
| 148|0x000000070d200000, 0x000000070d200000, 0x000000070d300000|  0%| F|  |TAMS 0x000000070d200000, 0x000000070d200000| Untracked 
| 149|0x000000070d300000, 0x000000070d300000, 0x000000070d400000|  0%| F|  |TAMS 0x000000070d300000, 0x000000070d300000| Untracked 
| 150|0x000000070d400000, 0x000000070d400000, 0x000000070d500000|  0%| F|  |TAMS 0x000000070d400000, 0x000000070d400000| Untracked 
| 151|0x000000070d500000, 0x000000070d500000, 0x000000070d600000|  0%| F|  |TAMS 0x000000070d500000, 0x000000070d500000| Untracked 
| 152|0x000000070d600000, 0x000000070d600000, 0x000000070d700000|  0%| F|  |TAMS 0x000000070d600000, 0x000000070d600000| Untracked 
| 153|0x000000070d700000, 0x000000070d700000, 0x000000070d800000|  0%| F|  |TAMS 0x000000070d700000, 0x000000070d700000| Untracked 
| 154|0x000000070d800000, 0x000000070d800000, 0x000000070d900000|  0%| F|  |TAMS 0x000000070d800000, 0x000000070d800000| Untracked 
| 155|0x000000070d900000, 0x000000070d900000, 0x000000070da00000|  0%| F|  |TAMS 0x000000070d900000, 0x000000070d900000| Untracked 
| 156|0x000000070da00000, 0x000000070da00000, 0x000000070db00000|  0%| F|  |TAMS 0x000000070da00000, 0x000000070da00000| Untracked 
| 157|0x000000070db00000, 0x000000070db00000, 0x000000070dc00000|  0%| F|  |TAMS 0x000000070db00000, 0x000000070db00000| Untracked 
| 158|0x000000070dc00000, 0x000000070dc00000, 0x000000070dd00000|  0%| F|  |TAMS 0x000000070dc00000, 0x000000070dc00000| Untracked 
| 159|0x000000070dd00000, 0x000000070dd00000, 0x000000070de00000|  0%| F|  |TAMS 0x000000070dd00000, 0x000000070dd00000| Untracked 
| 160|0x000000070de00000, 0x000000070de00000, 0x000000070df00000|  0%| F|  |TAMS 0x000000070de00000, 0x000000070de00000| Untracked 
| 161|0x000000070df00000, 0x000000070df00000, 0x000000070e000000|  0%| F|  |TAMS 0x000000070df00000, 0x000000070df00000| Untracked 
| 162|0x000000070e000000, 0x000000070e000000, 0x000000070e100000|  0%| F|  |TAMS 0x000000070e000000, 0x000000070e000000| Untracked 
| 163|0x000000070e100000, 0x000000070e100000, 0x000000070e200000|  0%| F|  |TAMS 0x000000070e100000, 0x000000070e100000| Untracked 
| 164|0x000000070e200000, 0x000000070e200000, 0x000000070e300000|  0%| F|  |TAMS 0x000000070e200000, 0x000000070e200000| Untracked 
| 165|0x000000070e300000, 0x000000070e300000, 0x000000070e400000|  0%| F|  |TAMS 0x000000070e300000, 0x000000070e300000| Untracked 
| 166|0x000000070e400000, 0x000000070e400000, 0x000000070e500000|  0%| F|  |TAMS 0x000000070e400000, 0x000000070e400000| Untracked 
| 167|0x000000070e500000, 0x000000070e500000, 0x000000070e600000|  0%| F|  |TAMS 0x000000070e500000, 0x000000070e500000| Untracked 
| 168|0x000000070e600000, 0x000000070e600000, 0x000000070e700000|  0%| F|  |TAMS 0x000000070e600000, 0x000000070e600000| Untracked 
| 169|0x000000070e700000, 0x000000070e700000, 0x000000070e800000|  0%| F|  |TAMS 0x000000070e700000, 0x000000070e700000| Untracked 
| 170|0x000000070e800000, 0x000000070e800000, 0x000000070e900000|  0%| F|  |TAMS 0x000000070e800000, 0x000000070e800000| Untracked 
| 171|0x000000070e900000, 0x000000070e900000, 0x000000070ea00000|  0%| F|  |TAMS 0x000000070e900000, 0x000000070e900000| Untracked 
| 172|0x000000070ea00000, 0x000000070ea00000, 0x000000070eb00000|  0%| F|  |TAMS 0x000000070ea00000, 0x000000070ea00000| Untracked 
| 173|0x000000070eb00000, 0x000000070eb00000, 0x000000070ec00000|  0%| F|  |TAMS 0x000000070eb00000, 0x000000070eb00000| Untracked 
| 174|0x000000070ec00000, 0x000000070ec00000, 0x000000070ed00000|  0%| F|  |TAMS 0x000000070ec00000, 0x000000070ec00000| Untracked 
| 175|0x000000070ed00000, 0x000000070ed00000, 0x000000070ee00000|  0%| F|  |TAMS 0x000000070ed00000, 0x000000070ed00000| Untracked 
| 176|0x000000070ee00000, 0x000000070ee00000, 0x000000070ef00000|  0%| F|  |TAMS 0x000000070ee00000, 0x000000070ee00000| Untracked 
| 177|0x000000070ef00000, 0x000000070ef00000, 0x000000070f000000|  0%| F|  |TAMS 0x000000070ef00000, 0x000000070ef00000| Untracked 
| 178|0x000000070f000000, 0x000000070f000000, 0x000000070f100000|  0%| F|  |TAMS 0x000000070f000000, 0x000000070f000000| Untracked 
| 179|0x000000070f100000, 0x000000070f100000, 0x000000070f200000|  0%| F|  |TAMS 0x000000070f100000, 0x000000070f100000| Untracked 
| 180|0x000000070f200000, 0x000000070f200000, 0x000000070f300000|  0%| F|  |TAMS 0x000000070f200000, 0x000000070f200000| Untracked 
| 181|0x000000070f300000, 0x000000070f300000, 0x000000070f400000|  0%| F|  |TAMS 0x000000070f300000, 0x000000070f300000| Untracked 
| 182|0x000000070f400000, 0x000000070f400000, 0x000000070f500000|  0%| F|  |TAMS 0x000000070f400000, 0x000000070f400000| Untracked 
| 183|0x000000070f500000, 0x000000070f500000, 0x000000070f600000|  0%| F|  |TAMS 0x000000070f500000, 0x000000070f500000| Untracked 
| 184|0x000000070f600000, 0x000000070f600000, 0x000000070f700000|  0%| F|  |TAMS 0x000000070f600000, 0x000000070f600000| Untracked 
| 185|0x000000070f700000, 0x000000070f700000, 0x000000070f800000|  0%| F|  |TAMS 0x000000070f700000, 0x000000070f700000| Untracked 
| 186|0x000000070f800000, 0x000000070f800000, 0x000000070f900000|  0%| F|  |TAMS 0x000000070f800000, 0x000000070f800000| Untracked 
| 187|0x000000070f900000, 0x000000070f900000, 0x000000070fa00000|  0%| F|  |TAMS 0x000000070f900000, 0x000000070f900000| Untracked 
| 188|0x000000070fa00000, 0x000000070fa00000, 0x000000070fb00000|  0%| F|  |TAMS 0x000000070fa00000, 0x000000070fa00000| Untracked 
| 189|0x000000070fb00000, 0x000000070fb00000, 0x000000070fc00000|  0%| F|  |TAMS 0x000000070fb00000, 0x000000070fb00000| Untracked 
| 190|0x000000070fc00000, 0x000000070fc00000, 0x000000070fd00000|  0%| F|  |TAMS 0x000000070fc00000, 0x000000070fc00000| Untracked 
| 191|0x000000070fd00000, 0x000000070fd00000, 0x000000070fe00000|  0%| F|  |TAMS 0x000000070fd00000, 0x000000070fd00000| Untracked 
| 192|0x000000070fe00000, 0x000000070fe00000, 0x000000070ff00000|  0%| F|  |TAMS 0x000000070fe00000, 0x000000070fe00000| Untracked 
| 193|0x000000070ff00000, 0x000000070ff00000, 0x0000000710000000|  0%| F|  |TAMS 0x000000070ff00000, 0x000000070ff00000| Untracked 
| 194|0x0000000710000000, 0x0000000710000000, 0x0000000710100000|  0%| F|  |TAMS 0x0000000710000000, 0x0000000710000000| Untracked 
| 195|0x0000000710100000, 0x0000000710100000, 0x0000000710200000|  0%| F|  |TAMS 0x0000000710100000, 0x0000000710100000| Untracked 
| 196|0x0000000710200000, 0x0000000710200000, 0x0000000710300000|  0%| F|  |TAMS 0x0000000710200000, 0x0000000710200000| Untracked 
| 197|0x0000000710300000, 0x0000000710300000, 0x0000000710400000|  0%| F|  |TAMS 0x0000000710300000, 0x0000000710300000| Untracked 
| 198|0x0000000710400000, 0x0000000710400000, 0x0000000710500000|  0%| F|  |TAMS 0x0000000710400000, 0x0000000710400000| Untracked 
| 199|0x0000000710500000, 0x0000000710500000, 0x0000000710600000|  0%| F|  |TAMS 0x0000000710500000, 0x0000000710500000| Untracked 
| 200|0x0000000710600000, 0x0000000710600000, 0x0000000710700000|  0%| F|  |TAMS 0x0000000710600000, 0x0000000710600000| Untracked 
| 201|0x0000000710700000, 0x0000000710700000, 0x0000000710800000|  0%| F|  |TAMS 0x0000000710700000, 0x0000000710700000| Untracked 
| 202|0x0000000710800000, 0x0000000710800000, 0x0000000710900000|  0%| F|  |TAMS 0x0000000710800000, 0x0000000710800000| Untracked 
| 203|0x0000000710900000, 0x0000000710900000, 0x0000000710a00000|  0%| F|  |TAMS 0x0000000710900000, 0x0000000710900000| Untracked 
| 204|0x0000000710a00000, 0x0000000710a00000, 0x0000000710b00000|  0%| F|  |TAMS 0x0000000710a00000, 0x0000000710a00000| Untracked 
| 205|0x0000000710b00000, 0x0000000710b00000, 0x0000000710c00000|  0%| F|  |TAMS 0x0000000710b00000, 0x0000000710b00000| Untracked 
| 206|0x0000000710c00000, 0x0000000710c00000, 0x0000000710d00000|  0%| F|  |TAMS 0x0000000710c00000, 0x0000000710c00000| Untracked 
| 207|0x0000000710d00000, 0x0000000710d00000, 0x0000000710e00000|  0%| F|  |TAMS 0x0000000710d00000, 0x0000000710d00000| Untracked 
| 208|0x0000000710e00000, 0x0000000710e00000, 0x0000000710f00000|  0%| F|  |TAMS 0x0000000710e00000, 0x0000000710e00000| Untracked 
| 209|0x0000000710f00000, 0x0000000710f00000, 0x0000000711000000|  0%| F|  |TAMS 0x0000000710f00000, 0x0000000710f00000| Untracked 
| 210|0x0000000711000000, 0x0000000711000000, 0x0000000711100000|  0%| F|  |TAMS 0x0000000711000000, 0x0000000711000000| Untracked 
| 211|0x0000000711100000, 0x0000000711100000, 0x0000000711200000|  0%| F|  |TAMS 0x0000000711100000, 0x0000000711100000| Untracked 
| 212|0x0000000711200000, 0x0000000711200000, 0x0000000711300000|  0%| F|  |TAMS 0x0000000711200000, 0x0000000711200000| Untracked 
| 213|0x0000000711300000, 0x0000000711300000, 0x0000000711400000|  0%| F|  |TAMS 0x0000000711300000, 0x0000000711300000| Untracked 
| 214|0x0000000711400000, 0x0000000711400000, 0x0000000711500000|  0%| F|  |TAMS 0x0000000711400000, 0x0000000711400000| Untracked 
| 215|0x0000000711500000, 0x0000000711500000, 0x0000000711600000|  0%| F|  |TAMS 0x0000000711500000, 0x0000000711500000| Untracked 
| 216|0x0000000711600000, 0x0000000711600000, 0x0000000711700000|  0%| F|  |TAMS 0x0000000711600000, 0x0000000711600000| Untracked 
| 217|0x0000000711700000, 0x0000000711700000, 0x0000000711800000|  0%| F|  |TAMS 0x0000000711700000, 0x0000000711700000| Untracked 
| 218|0x0000000711800000, 0x0000000711800000, 0x0000000711900000|  0%| F|  |TAMS 0x0000000711800000, 0x0000000711800000| Untracked 
| 219|0x0000000711900000, 0x0000000711900000, 0x0000000711a00000|  0%| F|  |TAMS 0x0000000711900000, 0x0000000711900000| Untracked 
| 220|0x0000000711a00000, 0x0000000711a00000, 0x0000000711b00000|  0%| F|  |TAMS 0x0000000711a00000, 0x0000000711a00000| Untracked 
| 221|0x0000000711b00000, 0x0000000711b00000, 0x0000000711c00000|  0%| F|  |TAMS 0x0000000711b00000, 0x0000000711b00000| Untracked 
| 222|0x0000000711c00000, 0x0000000711c00000, 0x0000000711d00000|  0%| F|  |TAMS 0x0000000711c00000, 0x0000000711c00000| Untracked 
| 223|0x0000000711d00000, 0x0000000711d00000, 0x0000000711e00000|  0%| F|  |TAMS 0x0000000711d00000, 0x0000000711d00000| Untracked 
| 224|0x0000000711e00000, 0x0000000711e00000, 0x0000000711f00000|  0%| F|  |TAMS 0x0000000711e00000, 0x0000000711e00000| Untracked 
| 225|0x0000000711f00000, 0x0000000711f00000, 0x0000000712000000|  0%| F|  |TAMS 0x0000000711f00000, 0x0000000711f00000| Untracked 
| 226|0x0000000712000000, 0x0000000712000000, 0x0000000712100000|  0%| F|  |TAMS 0x0000000712000000, 0x0000000712000000| Untracked 
| 227|0x0000000712100000, 0x0000000712100000, 0x0000000712200000|  0%| F|  |TAMS 0x0000000712100000, 0x0000000712100000| Untracked 
| 228|0x0000000712200000, 0x0000000712200000, 0x0000000712300000|  0%| F|  |TAMS 0x0000000712200000, 0x0000000712200000| Untracked 
| 229|0x0000000712300000, 0x0000000712300000, 0x0000000712400000|  0%| F|  |TAMS 0x0000000712300000, 0x0000000712300000| Untracked 
| 230|0x0000000712400000, 0x0000000712400000, 0x0000000712500000|  0%| F|  |TAMS 0x0000000712400000, 0x0000000712400000| Untracked 
| 231|0x0000000712500000, 0x0000000712500000, 0x0000000712600000|  0%| F|  |TAMS 0x0000000712500000, 0x0000000712500000| Untracked 
| 232|0x0000000712600000, 0x0000000712600000, 0x0000000712700000|  0%| F|  |TAMS 0x0000000712600000, 0x0000000712600000| Untracked 
| 233|0x0000000712700000, 0x0000000712700000, 0x0000000712800000|  0%| F|  |TAMS 0x0000000712700000, 0x0000000712700000| Untracked 
| 234|0x0000000712800000, 0x0000000712800000, 0x0000000712900000|  0%| F|  |TAMS 0x0000000712800000, 0x0000000712800000| Untracked 
| 235|0x0000000712900000, 0x0000000712900000, 0x0000000712a00000|  0%| F|  |TAMS 0x0000000712900000, 0x0000000712900000| Untracked 
| 236|0x0000000712a00000, 0x0000000712a00000, 0x0000000712b00000|  0%| F|  |TAMS 0x0000000712a00000, 0x0000000712a00000| Untracked 
| 237|0x0000000712b00000, 0x0000000712b00000, 0x0000000712c00000|  0%| F|  |TAMS 0x0000000712b00000, 0x0000000712b00000| Untracked 
| 238|0x0000000712c00000, 0x0000000712c00000, 0x0000000712d00000|  0%| F|  |TAMS 0x0000000712c00000, 0x0000000712c00000| Untracked 
| 239|0x0000000712d00000, 0x0000000712d00000, 0x0000000712e00000|  0%| F|  |TAMS 0x0000000712d00000, 0x0000000712d00000| Untracked 
| 240|0x0000000712e00000, 0x0000000712e00000, 0x0000000712f00000|  0%| F|  |TAMS 0x0000000712e00000, 0x0000000712e00000| Untracked 
| 241|0x0000000712f00000, 0x0000000712ff64d0, 0x0000000713000000| 96%| E|  |TAMS 0x0000000712f00000, 0x0000000712f00000| Complete 
| 242|0x0000000713000000, 0x0000000713100000, 0x0000000713100000|100%| E|CS|TAMS 0x0000000713000000, 0x0000000713000000| Complete 
| 243|0x0000000713100000, 0x0000000713200000, 0x0000000713200000|100%| E|CS|TAMS 0x0000000713100000, 0x0000000713100000| Complete 
| 244|0x0000000713200000, 0x0000000713300000, 0x0000000713300000|100%| E|CS|TAMS 0x0000000713200000, 0x0000000713200000| Complete 
| 245|0x0000000713300000, 0x0000000713400000, 0x0000000713400000|100%| E|CS|TAMS 0x0000000713300000, 0x0000000713300000| Complete 
| 246|0x0000000713400000, 0x0000000713500000, 0x0000000713500000|100%| E|CS|TAMS 0x0000000713400000, 0x0000000713400000| Complete 
| 247|0x0000000713500000, 0x0000000713600000, 0x0000000713600000|100%| E|CS|TAMS 0x0000000713500000, 0x0000000713500000| Complete 
| 248|0x0000000713600000, 0x0000000713700000, 0x0000000713700000|100%| E|CS|TAMS 0x0000000713600000, 0x0000000713600000| Complete 
| 249|0x0000000713700000, 0x0000000713800000, 0x0000000713800000|100%| E|CS|TAMS 0x0000000713700000, 0x0000000713700000| Complete 
| 250|0x0000000713800000, 0x0000000713900000, 0x0000000713900000|100%| E|CS|TAMS 0x0000000713800000, 0x0000000713800000| Complete 
| 251|0x0000000713900000, 0x0000000713a00000, 0x0000000713a00000|100%| E|  |TAMS 0x0000000713900000, 0x0000000713900000| Complete 
| 252|0x0000000713a00000, 0x0000000713b00000, 0x0000000713b00000|100%| E|CS|TAMS 0x0000000713a00000, 0x0000000713a00000| Complete 
| 253|0x0000000713b00000, 0x0000000713c00000, 0x0000000713c00000|100%| E|CS|TAMS 0x0000000713b00000, 0x0000000713b00000| Complete 

Card table byte_map: [0x00000249c2d40000,0x00000249c3530000] _byte_map_base: 0x00000249bf521000

Marking Bits (Prev, Next): (CMBitMap*) 0x00000249aa94fb78, (CMBitMap*) 0x00000249aa94fbb0
 Prev Bits: [0x00000249c3d20000, 0x00000249c7c28000)
 Next Bits: [0x00000249c7c30000, 0x00000249cbb38000)

Polling page: 0x00000249a8740000

Metaspace:

Usage:
  Non-class:     14.31 MB capacity,    14.12 MB ( 99%) used,   143.77 KB ( <1%) free+waste,    43.69 KB ( <1%) overhead. 
      Class:      2.02 MB capacity,     1.81 MB ( 90%) used,   192.98 KB (  9%) free+waste,    23.56 KB (  1%) overhead. 
       Both:     16.33 MB capacity,    15.93 MB ( 98%) used,   336.75 KB (  2%) free+waste,    67.25 KB ( <1%) overhead. 

Virtual space:
  Non-class space:       16.00 MB reserved,      14.50 MB ( 91%) committed 
      Class space:        1.00 GB reserved,       2.13 MB ( <1%) committed 
             Both:        1.02 GB reserved,      16.63 MB (  2%) committed 

Chunk freelists:
   Non-Class:  7.00 KB
       Class:  10.00 KB
        Both:  17.00 KB

MaxMetaspaceSize: 17179869184.00 GB
CompressedClassSpaceSize: 1.00 GB

CodeHeap 'non-profiled nmethods': size=120000Kb used=331Kb max_used=331Kb free=119669Kb
 bounds [0x00000249baad0000, 0x00000249bad40000, 0x00000249c2000000]
CodeHeap 'profiled nmethods': size=120000Kb used=1784Kb max_used=1784Kb free=118215Kb
 bounds [0x00000249b35a0000, 0x00000249b3810000, 0x00000249baad0000]
CodeHeap 'non-nmethods': size=5760Kb used=1219Kb max_used=1232Kb free=4540Kb
 bounds [0x00000249b3000000, 0x00000249b3270000, 0x00000249b35a0000]
 total_blobs=1608 nmethods=1021 adapters=499
 compilation: enabled
              stopped_count=0, restarted_count=0
 full_count=0

Compilation events (20 events):
Event: 1.948 Thread 0x00000249cf1f0000 nmethod 1014 0x00000249b3758e10 code [0x00000249b3758fc0, 0x00000249b3759178]
Event: 1.948 Thread 0x00000249cf1f0000 1015       1       java.security.CodeSource::getLocationNoFragString (5 bytes)
Event: 1.948 Thread 0x00000249cf1f0000 nmethod 1015 0x00000249bab21410 code [0x00000249bab215c0, 0x00000249bab21678]
Event: 1.948 Thread 0x00000249cf1f0000 1016       3       java.util.jar.JarFile::getJarEntry (9 bytes)
Event: 1.948 Thread 0x00000249cf1f0000 nmethod 1016 0x00000249b3759210 code [0x00000249b3759440, 0x00000249b3759c28]
Event: 1.948 Thread 0x00000249cf1f0000 1017       3       java.util.jar.JarFile::getEntry (22 bytes)
Event: 1.948 Thread 0x00000249cf1f0000 nmethod 1017 0x00000249b3759e90 code [0x00000249b375a0c0, 0x00000249b375a828]
Event: 1.949 Thread 0x00000249cf1f0000 1018       3       java.util.zip.Inflater::ensureOpen (47 bytes)
Event: 1.949 Thread 0x00000249cf1f0000 nmethod 1018 0x00000249b375aa90 code [0x00000249b375ac60, 0x00000249b375aec8]
Event: 1.949 Thread 0x00000249cf1f0000 1019   !   3       jdk.internal.loader.URLClassPath$JarLoader::getResource (65 bytes)
Event: 1.949 Thread 0x00000249cf1e9000 nmethod 1003% 0x00000249bab21710 code [0x00000249bab218c0, 0x00000249bab21d38]
Event: 1.949 Thread 0x00000249cf1e9000 1004 %     4       java.util.zip.ZipFile$Source::hashN @ 2 (26 bytes)
Event: 1.949 Thread 0x00000249cf1f0000 nmethod 1019 0x00000249b375b010 code [0x00000249b375b2e0, 0x00000249b375c188]
Event: 1.949 Thread 0x00000249cf1f0000 1020       3       java.net.URL::isBuiltinStreamHandler (32 bytes)
Event: 1.950 Thread 0x00000249cf1f0000 nmethod 1020 0x00000249b375c690 code [0x00000249b375c960, 0x00000249b375d858]
Event: 1.950 Thread 0x00000249cf1f0000 1021       3       java.net.URL::isBuiltinStreamHandler (7 bytes)
Event: 1.950 Thread 0x00000249cf1f0000 nmethod 1021 0x00000249b375dd90 code [0x00000249b375df60, 0x00000249b375e128]
Event: 1.952 Thread 0x00000249cf1e9000 nmethod 1004% 0x00000249bab21e90 code [0x00000249bab22020, 0x00000249bab22298]
Event: 1.952 Thread 0x00000249cf1e9000 1005       4       java.lang.StringLatin1::indexOf (121 bytes)
Event: 1.958 Thread 0x00000249cf1e9000 nmethod 1005 0x00000249bab22390 code [0x00000249bab22540, 0x00000249bab22998]

GC Heap History (0 events):
No events

Deoptimization events (20 events):
Event: 0.067 Thread 0x00000249aa8ef000 Uncommon trap: trap_request=0xffffff4d fr.pc=0x00000249baad4520 relative=0x0000000000000200
Event: 0.067 Thread 0x00000249aa8ef000 Uncommon trap: reason=unstable_if action=reinterpret pc=0x00000249baad4520 method=java.lang.String.hashCode()I @ 14 c2
Event: 0.067 Thread 0x00000249aa8ef000 DEOPT PACKING pc=0x00000249baad4520 sp=0x000000e2c11fd770
Event: 0.067 Thread 0x00000249aa8ef000 DEOPT UNPACKING pc=0x00000249b30268af sp=0x000000e2c11fd708 mode 2
Event: 1.696 Thread 0x00000249d0538000 Uncommon trap: trap_request=0xffffffde fr.pc=0x00000249baae60e8 relative=0x00000000000001c8
Event: 1.696 Thread 0x00000249d0538000 Uncommon trap: reason=class_check action=maybe_recompile pc=0x00000249baae60e8 method=java.lang.String.equals(Ljava/lang/Object;)Z @ 8 c2
Event: 1.696 Thread 0x00000249d0538000 DEOPT PACKING pc=0x00000249baae60e8 sp=0x000000e2c27f8d20
Event: 1.696 Thread 0x00000249d0538000 DEOPT UNPACKING pc=0x00000249b30268af sp=0x000000e2c27f8cc8 mode 2
Event: 1.923 Thread 0x00000249d0538000 Uncommon trap: trap_request=0xffffffde fr.pc=0x00000249baae60e8 relative=0x00000000000001c8
Event: 1.923 Thread 0x00000249d0538000 Uncommon trap: reason=class_check action=maybe_recompile pc=0x00000249baae60e8 method=java.lang.String.equals(Ljava/lang/Object;)Z @ 8 c2
Event: 1.923 Thread 0x00000249d0538000 DEOPT PACKING pc=0x00000249baae60e8 sp=0x000000e2c27f8de0
Event: 1.923 Thread 0x00000249d0538000 DEOPT UNPACKING pc=0x00000249b30268af sp=0x000000e2c27f8d78 mode 2
Event: 1.923 Thread 0x00000249d0538000 Uncommon trap: trap_request=0xffffffde fr.pc=0x00000249baae60e8 relative=0x00000000000001c8
Event: 1.923 Thread 0x00000249d0538000 Uncommon trap: reason=class_check action=maybe_recompile pc=0x00000249baae60e8 method=java.lang.String.equals(Ljava/lang/Object;)Z @ 8 c2
Event: 1.923 Thread 0x00000249d0538000 DEOPT PACKING pc=0x00000249baae60e8 sp=0x000000e2c27f8de0
Event: 1.923 Thread 0x00000249d0538000 DEOPT UNPACKING pc=0x00000249b30268af sp=0x000000e2c27f8d78 mode 2
Event: 1.923 Thread 0x00000249d0538000 Uncommon trap: trap_request=0xffffffde fr.pc=0x00000249baae60e8 relative=0x00000000000001c8
Event: 1.923 Thread 0x00000249d0538000 Uncommon trap: reason=class_check action=maybe_recompile pc=0x00000249baae60e8 method=java.lang.String.equals(Ljava/lang/Object;)Z @ 8 c2
Event: 1.923 Thread 0x00000249d0538000 DEOPT PACKING pc=0x00000249baae60e8 sp=0x000000e2c27f8d30
Event: 1.923 Thread 0x00000249d0538000 DEOPT UNPACKING pc=0x00000249b30268af sp=0x000000e2c27f8cd8 mode 2

Classes redefined (0 events):
No events

Internal exceptions (20 events):
Event: 0.182 Thread 0x00000249aa8ef000 Exception <a 'java/lang/NoSuchMethodError'{0x000000071379f380}: 'java.lang.Object java.lang.invoke.DirectMethodHandle$Holder.invokeStatic(java.lang.Object, java.lang.Object, java.lang.Object, java.lang.Object, java.lang.Object, java.lang.Object, java.lang.Object, java.lang.Object, java.lang.Object, java.lang.Object, java.lang.Object, java.lang.Object, java.lang.Object, java.lang.Object, java.lang.Object, java.lang.Object)'> (0x000000071379f380) thrown at [./src/hotspot/share/interpreter/linkResolver.cpp, l
Event: 0.183 Thread 0x00000249aa8ef000 Exception <a 'java/lang/NoSuchMethodError'{0x00000007137acff0}: 'java.lang.Object java.lang.invoke.DirectMethodHandle$Holder.invokeSpecial(java.lang.Object, java.lang.Object, int, int, java.lang.Object, java.lang.Object, java.lang.Object)'> (0x00000007137acff0) thrown at [./src/hotspot/share/interpreter/linkResolver.cpp, line 773]
Event: 0.183 Thread 0x00000249aa8ef000 Exception <a 'java/lang/NoSuchMethodError'{0x00000007137b0580}: 'java.lang.Object java.lang.invoke.DelegatingMethodHandle$Holder.reinvoke_L(java.lang.Object, int, int, java.lang.Object, java.lang.Object, java.lang.Object)'> (0x00000007137b0580) thrown at [./src/hotspot/share/interpreter/linkResolver.cpp, line 773]
Event: 0.183 Thread 0x00000249aa8ef000 Exception <a 'java/lang/NoSuchMethodError'{0x00000007137b4660}: 'java.lang.Object java.lang.invoke.DirectMethodHandle$Holder.invokeStatic(java.lang.Object, java.lang.Object, java.lang.Object, java.lang.Object, int)'> (0x00000007137b4660) thrown at [./src/hotspot/share/interpreter/linkResolver.cpp, line 773]
Event: 0.190 Thread 0x00000249aa8ef000 Exception <a 'java/io/FileNotFoundException'{0x0000000713617738}> (0x0000000713617738) thrown at [./src/hotspot/share/prims/jni.cpp, line 615]
Event: 0.224 Thread 0x00000249cfa24000 Exception <a 'java/lang/NoSuchMethodError'{0x00000007136fb5e0}: 'void java.lang.invoke.DirectMethodHandle$Holder.invokeSpecial(java.lang.Object, java.lang.Object)'> (0x00000007136fb5e0) thrown at [./src/hotspot/share/interpreter/linkResolver.cpp, line 773]
Event: 0.227 Thread 0x00000249aa8ef000 Exception <a 'java/lang/NoSuchMethodError'{0x0000000713580ad0}: 'java.lang.Object java.lang.invoke.DirectMethodHandle$Holder.invokeStatic(java.lang.Object, java.lang.Object, java.lang.Object, java.lang.Object, java.lang.Object, java.lang.Object, java.lang.Object, java.lang.Object, int)'> (0x0000000713580ad0) thrown at [./src/hotspot/share/interpreter/linkResolver.cpp, line 773]
Event: 0.227 Thread 0x00000249aa8ef000 Exception <a 'java/lang/NoSuchMethodError'{0x000000071359aa30}: 'java.lang.Object java.lang.invoke.DirectMethodHandle$Holder.invokeStatic(java.lang.Object, java.lang.Object, java.lang.Object, java.lang.Object, java.lang.Object, java.lang.Object, java.lang.Object, java.lang.Object, int, int)'> (0x000000071359aa30) thrown at [./src/hotspot/share/interpreter/linkResolver.cpp, line 773]
Event: 0.246 Thread 0x00000249aa8ef000 Exception <a 'java/lang/NoSuchMethodError'{0x0000000713469088}: 'java.lang.Object java.lang.invoke.DirectMethodHandle$Holder.invokeStatic(java.lang.Object, int, java.lang.Object, java.lang.Object, java.lang.Object, java.lang.Object)'> (0x0000000713469088) thrown at [./src/hotspot/share/interpreter/linkResolver.cpp, line 773]
Event: 0.246 Thread 0x00000249aa8ef000 Exception <a 'java/lang/NoSuchMethodError'{0x0000000713470148}: 'java.lang.Object java.lang.invoke.DirectMethodHandle$Holder.invokeStatic(java.lang.Object, int, java.lang.Object, java.lang.Object, java.lang.Object)'> (0x0000000713470148) thrown at [./src/hotspot/share/interpreter/linkResolver.cpp, line 773]
Event: 0.246 Thread 0x00000249aa8ef000 Exception <a 'java/lang/NoSuchMethodError'{0x0000000713473c90}: 'java.lang.Object java.lang.invoke.DirectMethodHandle$Holder.invokeSpecial(java.lang.Object, java.lang.Object, int, java.lang.Object, java.lang.Object, java.lang.Object)'> (0x0000000713473c90) thrown at [./src/hotspot/share/interpreter/linkResolver.cpp, line 773]
Event: 0.248 Thread 0x00000249aa8ef000 Exception <a 'java/lang/NoSuchMethodError'{0x000000071348b8a8}: 'java.lang.Object java.lang.invoke.DirectMethodHandle$Holder.invokeStatic(java.lang.Object, int, java.lang.Object)'> (0x000000071348b8a8) thrown at [./src/hotspot/share/interpreter/linkResolver.cpp, line 773]
Event: 0.263 Thread 0x00000249aa8ef000 Exception <a 'java/lang/ClassNotFoundException'{0x0000000713339260}: com/sun/swing/internal/plaf/metal/resources/spi/metalProvider> (0x0000000713339260) thrown at [./src/hotspot/share/classfile/systemDictionary.cpp, line 231]
Event: 0.263 Thread 0x00000249aa8ef000 Exception <a 'java/lang/ClassNotFoundException'{0x000000071333d3b8}: com/sun/swing/internal/plaf/basic/resources/spi/basicProvider> (0x000000071333d3b8) thrown at [./src/hotspot/share/classfile/systemDictionary.cpp, line 231]
Event: 0.270 Thread 0x00000249aa8ef000 Exception <a 'java/lang/NoSuchMethodError'{0x000000071337d5c0}: 'java.lang.Object java.lang.invoke.DirectMethodHandle$Holder.invokeStatic(java.lang.Object, java.lang.Object, java.lang.Object, java.lang.Object, java.lang.Object, java.lang.Object, java.lang.Object, java.lang.Object, java.lang.Object, java.lang.Object, java.lang.Object, int)'> (0x000000071337d5c0) thrown at [./src/hotspot/share/interpreter/linkResolver.cpp, line 773]
Event: 0.271 Thread 0x00000249aa8ef000 Exception <a 'java/lang/NoSuchMethodError'{0x000000071339b500}: 'java.lang.Object java.lang.invoke.DirectMethodHandle$Holder.invokeStatic(java.lang.Object, java.lang.Object, java.lang.Object, java.lang.Object, java.lang.Object, java.lang.Object, java.lang.Object, java.lang.Object, java.lang.Object, java.lang.Object, java.lang.Object, int, int)'> (0x000000071339b500) thrown at [./src/hotspot/share/interpreter/linkResolver.cpp, line 773]
Event: 0.272 Thread 0x00000249aa8ef000 Exception <a 'java/lang/NoSuchMethodError'{0x00000007133ba290}: 'java.lang.Object java.lang.invoke.DirectMethodHandle$Holder.invokeStatic(java.lang.Object, java.lang.Object, java.lang.Object, java.lang.Object, java.lang.Object, java.lang.Object, java.lang.Object, java.lang.Object, java.lang.Object, java.lang.Object, java.lang.Object, int, int, java.lang.Object)'> (0x00000007133ba290) thrown at [./src/hotspot/share/interpreter/linkResolver.cpp, line 773]
Event: 0.274 Thread 0x00000249aa8ef000 Exception <a 'java/lang/NoSuchMethodError'{0x00000007133da6a8}: 'java.lang.Object java.lang.invoke.DirectMethodHandle$Holder.invokeStatic(java.lang.Object, java.lang.Object, java.lang.Object, java.lang.Object, java.lang.Object, java.lang.Object, java.lang.Object, java.lang.Object, java.lang.Object, java.lang.Object, java.lang.Object, int, int, java.lang.Object, java.lang.Object)'> (0x00000007133da6a8) thrown at [./src/hotspot/share/interpreter/linkResolver.cpp, line 773]
Event: 0.378 Thread 0x00000249aa8ef000 Exception <a 'java/lang/NoSuchMethodError'{0x0000000713052390}: 'void java.lang.invoke.DirectMethodHandle$Holder.invokeStaticInit(java.lang.Object)'> (0x0000000713052390) thrown at [./src/hotspot/share/interpreter/linkResolver.cpp, line 773]
Event: 0.381 Thread 0x00000249aa8ef000 Exception <a 'java/lang/NoSuchMethodError'{0x00000007130a1040}: 'java.lang.Object java.lang.invoke.Invokers$Holder.linkToTargetMethod(java.lang.Object, int, java.lang.Object)'> (0x00000007130a1040) thrown at [./src/hotspot/share/interpreter/linkResolver.cpp, line 773]

Events (20 events):
Event: 1.950 loading class org/sintef/jarduino/msg/PinModeMsg
Event: 1.950 loading class org/sintef/jarduino/msg/PinModeMsg done
Event: 1.950 loading class org/sintef/jarduino/msg/PongMsg
Event: 1.950 loading class org/sintef/jarduino/msg/PongMsg done
Event: 1.950 loading class org/sintef/jarduino/msg/Eeprom_valueMsg
Event: 1.950 loading class org/sintef/jarduino/msg/Eeprom_valueMsg done
Event: 1.966 loading class gnu/io/SerialPortEvent
Event: 1.966 loading class gnu/io/SerialPortEvent done
Event: 1.967 Executing VM operation: RevokeBias
Event: 1.967 Executing VM operation: RevokeBias done
Event: 1.967 Executing VM operation: RevokeBias
Event: 1.967 Executing VM operation: RevokeBias done
Event: 1.967 Executing VM operation: RevokeBias
Event: 1.967 Executing VM operation: RevokeBias done
Event: 1.967 Executing VM operation: RevokeBias
Event: 1.967 Executing VM operation: RevokeBias done
Event: 1.967 loading class org/sintef/jarduino/DigitalState
Event: 1.967 loading class org/sintef/jarduino/DigitalState done
Event: 1.968 Executing VM operation: RevokeBias
Event: 1.968 Executing VM operation: RevokeBias done


Dynamic libraries:
0x00007ff701e40000 - 0x00007ff701e4d000 	C:\Program Files\AdoptOpenJDK\jdk-11.0.11.9-hotspot\bin\java.exe
0x00007ffab0100000 - 0x00007ffab0309000 	C:\WINDOWS\SYSTEM32\ntdll.dll
0x00007ffaafda0000 - 0x00007ffaafe5d000 	C:\WINDOWS\System32\KERNEL32.DLL
0x00007ffaad5f0000 - 0x00007ffaad969000 	C:\WINDOWS\System32\KERNELBASE.dll
0x00007ffaad9e0000 - 0x00007ffaadaf1000 	C:\WINDOWS\System32\ucrtbase.dll
0x00007ffaa3fc0000 - 0x00007ffaa3fd5000 	C:\Program Files\AdoptOpenJDK\jdk-11.0.11.9-hotspot\bin\VCRUNTIME140.dll
0x00007ffaa3ee0000 - 0x00007ffaa3ef7000 	C:\Program Files\AdoptOpenJDK\jdk-11.0.11.9-hotspot\bin\jli.dll
0x00007ffaafa00000 - 0x00007ffaafbac000 	C:\WINDOWS\System32\USER32.dll
0x00007ffaadce0000 - 0x00007ffaadd06000 	C:\WINDOWS\System32\win32u.dll
0x00007ffa89270000 - 0x00007ffa89515000 	C:\WINDOWS\WinSxS\amd64_microsoft.windows.common-controls_6595b64144ccf1df_6.0.22000.120_none_9d947278b86cc467\COMCTL32.dll
0x00007ffaafc90000 - 0x00007ffaafd33000 	C:\WINDOWS\System32\msvcrt.dll
0x00007ffab0090000 - 0x00007ffab00b9000 	C:\WINDOWS\System32\GDI32.dll
0x00007ffaade80000 - 0x00007ffaadf92000 	C:\WINDOWS\System32\gdi32full.dll
0x00007ffaadbc0000 - 0x00007ffaadc5d000 	C:\WINDOWS\System32\msvcp_win.dll
0x00007ffaaf9c0000 - 0x00007ffaaf9f1000 	C:\WINDOWS\System32\IMM32.DLL
0x00007ffa8d0d0000 - 0x00007ffa8d16b000 	C:\Program Files\AdoptOpenJDK\jdk-11.0.11.9-hotspot\bin\msvcp140.dll
0x00007ffa299f0000 - 0x00007ffa2a53b000 	C:\Program Files\AdoptOpenJDK\jdk-11.0.11.9-hotspot\bin\server\jvm.dll
0x00007ffaaffe0000 - 0x00007ffab008e000 	C:\WINDOWS\System32\ADVAPI32.dll
0x00007ffaaf900000 - 0x00007ffaaf99e000 	C:\WINDOWS\System32\sechost.dll
0x00007ffaae1e0000 - 0x00007ffaae300000 	C:\WINDOWS\System32\RPCRT4.dll
0x00007ffaadfa0000 - 0x00007ffaadfa8000 	C:\WINDOWS\System32\PSAPI.DLL
0x00007ffa94340000 - 0x00007ffa94349000 	C:\WINDOWS\SYSTEM32\WSOCK32.dll
0x00007ffaa3df0000 - 0x00007ffaa3e23000 	C:\WINDOWS\SYSTEM32\WINMM.dll
0x00007ffaafbb0000 - 0x00007ffaafc1f000 	C:\WINDOWS\System32\WS2_32.dll
0x00007ffaa3a70000 - 0x00007ffaa3a7a000 	C:\WINDOWS\SYSTEM32\VERSION.dll
0x00007ffaac7e0000 - 0x00007ffaac7f8000 	C:\WINDOWS\SYSTEM32\kernel.appcore.dll
0x00007ffaa3fb0000 - 0x00007ffaa3fc0000 	C:\Program Files\AdoptOpenJDK\jdk-11.0.11.9-hotspot\bin\verify.dll
0x00007ffaaac90000 - 0x00007ffaaaeb1000 	C:\WINDOWS\SYSTEM32\DBGHELP.DLL
0x00007ffaa2090000 - 0x00007ffaa20c1000 	C:\WINDOWS\SYSTEM32\dbgcore.DLL
0x00007ffaadc60000 - 0x00007ffaadcdf000 	C:\WINDOWS\System32\bcryptPrimitives.dll
0x00007ffa97b30000 - 0x00007ffa97b58000 	C:\Program Files\AdoptOpenJDK\jdk-11.0.11.9-hotspot\bin\java.dll
0x00007ffaa3ed0000 - 0x00007ffaa3eda000 	C:\Program Files\AdoptOpenJDK\jdk-11.0.11.9-hotspot\bin\jimage.dll
0x00007ffa9ef30000 - 0x00007ffa9ef47000 	C:\Program Files\AdoptOpenJDK\jdk-11.0.11.9-hotspot\bin\zip.dll
0x00007ffaaeb20000 - 0x00007ffaaf2cf000 	C:\WINDOWS\System32\SHELL32.dll
0x00007ffaab770000 - 0x00007ffaabfd8000 	C:\WINDOWS\SYSTEM32\windows.storage.dll
0x00007ffaaf4f0000 - 0x00007ffaaf868000 	C:\WINDOWS\System32\combase.dll
0x00007ffaab600000 - 0x00007ffaab766000 	C:\WINDOWS\SYSTEM32\wintypes.dll
0x00007ffaafe60000 - 0x00007ffaaff4a000 	C:\WINDOWS\System32\SHCORE.dll
0x00007ffaaf490000 - 0x00007ffaaf4ed000 	C:\WINDOWS\System32\shlwapi.dll
0x00007ffaad520000 - 0x00007ffaad541000 	C:\WINDOWS\SYSTEM32\profapi.dll
0x00007ffa98ff0000 - 0x00007ffa99009000 	C:\Program Files\AdoptOpenJDK\jdk-11.0.11.9-hotspot\bin\net.dll
0x00007ffaa4af0000 - 0x00007ffaa4bfc000 	C:\WINDOWS\SYSTEM32\WINHTTP.dll
0x00007ffaacc10000 - 0x00007ffaacc77000 	C:\WINDOWS\system32\mswsock.dll
0x00007ffa958b0000 - 0x00007ffa958c2000 	C:\Program Files\AdoptOpenJDK\jdk-11.0.11.9-hotspot\bin\nio.dll
0x0000000180000000 - 0x0000000180025000 	C:\Program Files\AdoptOpenJDK\jdk-11.0.11.9-hotspot\bin\rxtxSerial.dll
0x00007ffa5b8e0000 - 0x00007ffa5ba79000 	C:\Program Files\AdoptOpenJDK\jdk-11.0.11.9-hotspot\bin\awt.dll
0x00007ffaae890000 - 0x00007ffaae966000 	C:\WINDOWS\System32\OLEAUT32.dll
0x00007ffaa73d0000 - 0x00007ffaa7461000 	C:\WINDOWS\SYSTEM32\apphelp.dll
0x00007ffaa74d0000 - 0x00007ffaa757c000 	C:\WINDOWS\system32\uxtheme.dll
0x00007ffa80570000 - 0x00007ffa80820000 	C:\Program Files\NVIDIA Corporation\nview\nViewH64.dll
0x00007ffaae970000 - 0x00007ffaaeb0a000 	C:\WINDOWS\System32\ole32.dll
0x00007ffaaaf90000 - 0x00007ffaaafbf000 	C:\WINDOWS\SYSTEM32\dwmapi.dll
0x00007ffaaafc0000 - 0x00007ffaaaff4000 	C:\WINDOWS\SYSTEM32\ntmarta.dll
0x00007ffaae300000 - 0x00007ffaae41e000 	C:\WINDOWS\System32\MSCTF.dll
0x00007ffa79780000 - 0x00007ffa79805000 	C:\Program Files\AdoptOpenJDK\jdk-11.0.11.9-hotspot\bin\freetype.dll
0x00007ffa95890000 - 0x00007ffa958a2000 	C:\Program Files\AdoptOpenJDK\jdk-11.0.11.9-hotspot\bin\fontmanager.dll
0x00007ffa66ae0000 - 0x00007ffa66b9c000 	C:\Program Files\AdoptOpenJDK\jdk-11.0.11.9-hotspot\bin\harfbuzz.dll
0x00007ffa87690000 - 0x00007ffa87791000 	C:\WINDOWS\system32\opengl32.dll
0x00007ffa941e0000 - 0x00007ffa9420d000 	C:\WINDOWS\SYSTEM32\GLU32.dll
0x00007ffaaaf10000 - 0x00007ffaaaf48000 	C:\WINDOWS\SYSTEM32\dxcore.dll
0x00007ffa88620000 - 0x00007ffa8874d000 	C:\WINDOWS\SYSTEM32\textinputframework.dll
0x00007ffaae130000 - 0x00007ffaae1df000 	C:\WINDOWS\System32\clbcatq.dll
0x00007ffaa70e0000 - 0x00007ffaa7212000 	C:\WINDOWS\SYSTEM32\CoreMessaging.dll
0x00007ffaa1720000 - 0x00007ffaa1a8d000 	C:\WINDOWS\SYSTEM32\CoreUIComponents.dll
0x00007ffaace70000 - 0x00007ffaace7c000 	C:\WINDOWS\SYSTEM32\CRYPTBASE.DLL

dbghelp: loaded successfully - version: 4.0.5 - missing functions: none
symbol engine: initialized successfully - sym options: 0x614 - pdb path: .;C:\Program Files\AdoptOpenJDK\jdk-11.0.11.9-hotspot\bin;C:\WINDOWS\SYSTEM32;C:\WINDOWS\WinSxS\amd64_microsoft.windows.common-controls_6595b64144ccf1df_6.0.22000.120_none_9d947278b86cc467;C:\Program Files\AdoptOpenJDK\jdk-11.0.11.9-hotspot\bin\server;C:\Program Files\NVIDIA Corporation\nview

VM Arguments:
java_command: EmergencyState.LEDBlink
java_class_path (initial): C:\Users\School\AppData\Roaming\Code\User\workspaceStorage\1fc3081561ef8dd17b236f4737d51d83\redhat.java\jdt_ws\DBL-G12_c07288f9\bin;c:\Users\School\github\DBL-G12\lib\jcommon-1.0.15.jar;c:\Users\School\github\DBL-G12\lib\twitter4j-core-2.2.2.jar;c:\Users\School\github\DBL-G12\lib\org.jivesoftware.smack-3.2.2.jar;c:\Users\School\github\DBL-G12\lib\org.kevoree.extra.osgi.rxtx-2.2.0.jar;c:\Users\School\github\DBL-G12\lib\org.sintef.jarduino.core-0.1.7-SNAPSHOT.jar;c:\Users\School\github\DBL-G12\lib\org.sintef.jarduino.serial-0.1.7-SNAPSHOT.jar;c:\Users\School\github\DBL-G12\lib\jfreechart-1.0.13.jar;c:\Users\School\github\DBL-G12\lib\RXTXcomm.jar;c:\Users\School\github\DBL-G12\lib\jcommon-1.0.16.jar;c:\Users\School\github\DBL-G12\lib\org.sintef.jarduino.gui-0.1.7-SNAPSHOT.jar;c:\Users\School\github\DBL-G12\lib\org.jivesoftware.smackx-debug-3.2.2.jar;c:\Users\School\github\DBL-G12\lib\org.jivesoftware.smackx-3.2.2.jar;c:\Users\School\github\DBL-G12\lib\org.sintef.jarduino.bluetooth-0.1.7-SNAPSHOT.jar;c:\Users\School\github\DBL-G12\lib\org.jivesoftware.smackx-jingle-3.2.2.jar
Launcher Type: SUN_STANDARD

[Global flags]
     intx CICompilerCount                          = 4                                         {product} {ergonomic}
     uint ConcGCThreads                            = 3                                         {product} {ergonomic}
     uint G1ConcRefinementThreads                  = 10                                        {product} {ergonomic}
   size_t G1HeapRegionSize                         = 1048576                                   {product} {ergonomic}
    uintx GCDrainStackTargetSize                   = 64                                        {product} {ergonomic}
   size_t InitialHeapSize                          = 266338304                                 {product} {ergonomic}
   size_t MarkStackSize                            = 4194304                                   {product} {ergonomic}
   size_t MaxHeapSize                              = 4229955584                                {product} {ergonomic}
   size_t MaxNewSize                               = 2537553920                                {product} {ergonomic}
   size_t MinHeapDeltaBytes                        = 1048576                                   {product} {ergonomic}
    uintx NonNMethodCodeHeapSize                   = 5836300                                {pd product} {ergonomic}
    uintx NonProfiledCodeHeapSize                  = 122910970                              {pd product} {ergonomic}
    uintx ProfiledCodeHeapSize                     = 122910970                              {pd product} {ergonomic}
    uintx ReservedCodeCacheSize                    = 251658240                              {pd product} {ergonomic}
     bool SegmentedCodeCache                       = true                                      {product} {ergonomic}
     bool UseCompressedClassPointers               = true                                 {lp64_product} {ergonomic}
     bool UseCompressedOops                        = true                                 {lp64_product} {ergonomic}
     bool UseG1GC                                  = true                                      {product} {ergonomic}
     bool UseLargePagesIndividualAllocation        = false                                  {pd product} {ergonomic}

Logging:
Log output configuration:
 #0: stdout all=warning uptime,level,tags
 #1: stderr all=off uptime,level,tags

Environment Variables:
JAVA_HOME=C:\Program Files\AdoptOpenJDK\jdk-11.0.11.9-hotspot\
PATH=C:\Program Files (x86)\Common Files\Oracle\Java\javapath;C:\Program Files (x86)\VMware\VMware Workstation\bin\;C:\Program Files\AdoptOpenJDK\jdk-11.0.11.9-hotspot\bin;C:\WINDOWS\system32;C:\WINDOWS;C:\WINDOWS\System32\Wbem;C:\WINDOWS\System32\WindowsPowerShell\v1.0\;C:\WINDOWS\System32\OpenSSH\;C:\Program Files\MiKTeX\miktex\bin\x64\;C:\Program Files\MATLAB\R2021a\bin;C:\Program Files\Wolfram Research\WolframScript\;C:\Program Files (x86)\gnupg\bin;C:\Program Files\PuTTY\;C:\Program Files\dotnet\;C:\Program Files\Git\cmd;C:\Users\School\AppData\Local\Microsoft\WindowsApps;C:\Users\School\AppData\Local\Programs\Microsoft VS Code\bin;C:\Users\School\.dotnet\tools;C:\Users\School\AppData\Local\atom\bin
USERNAME=School
LANG=en_US.UTF-8
OS=Windows_NT
PROCESSOR_IDENTIFIER=Intel64 Family 6 Model 165 Stepping 2, GenuineIntel



---------------  S Y S T E M  ---------------

OS: Windows 10 , 64 bit Build 22000 (10.0.22000.675)
OS uptime: 0 days 4:12 hours

CPU:total 12 (initial active 12) (6 cores per cpu, 2 threads per core) family 6 model 165 stepping 2 microcode 0xea, cmov, cx8, fxsr, mmx, sse, sse2, sse3, ssse3, sse4.1, sse4.2, popcnt, avx, avx2, aes, clmul, erms, 3dnowpref, lzcnt, ht, tsc, tscinvbit, bmi1, bmi2, adx, fma

Memory: 4k page, system-wide physical 16135M (8423M free)
TotalPageFile size 18567M (AvailPageFile size 6745M)
current process WorkingSet (physical memory assigned to process): 84M, peak: 84M
current process commit charge ("private bytes"): 368M, peak: 368M

vm_info: OpenJDK 64-Bit Server VM (11.0.11+9) for windows-amd64 JRE (11.0.11+9), built on Apr 20 2021 21:22:09 by "" with MS VC++ 15.9 (VS2017)

END.
